++++++++++++++++++++++++++++++++++++++++++++++++++++++++++++++
    ____  __     _   _  _        ____   ______   _____  __
   / __/ /_ \   | | | || |      / __ \ |  _   / |  _  ||  \  |
  / /   //_\ \  | | | || |     / /  / \| |_| |  | | | || |\\ |
 / /__ / ___\ \ | |_| || |__  / /__/  /| |  \ \ | |_| || | \\|
 \___//_/    \_\|_____||____||_______/ |_|   \_\|_____||_|  \|

   
                          █░█ ▀█
                          ▀▄▀ █▄		  (art by AK)

=============================================================
>>>>>>>>>>>>>>>>>>>>>>>>>>>>>>>>>>>>>>>>>>>>>>>>>>>>>>>>>>>>>
Version				Date of update
<<<<<<<<<<<<<<<<<<<<<<<<<<<<<<<<<<<<<<<<<<<<<<<<<<<<<<<<<<<<<
Cauldron-v2.1.0		2020-07-16 21:44:52 +0530
=============================================================
>>>>>>>>>>>>>>>>>>>>>>>>>>>>>>>>>>>>>>>>>>>>>>>>>>>>>>>>>>>>>
Third-party Software 		version
<<<<<<<<<<<<<<<<<<<<<<<<<<<<<<<<<<<<<<<<<<<<<<<<<<<<<<<<<<<<<<
Boost				boost-1.73.0
CMake				cmake-3.9.6
PETSc				petsc-3.13.1
HYPRE				hypre-2.18.2
HDF5				hdf5.win64-1.8.17/10.0.1
==============================================================
<<<<<<<<<<<<<<<<<<<<<<<<<<<<<<<<<<<<<<<<<<<<<<<<<<<<<<<<<<<<<<
			Builds
<<<<<<<<<<<<<<<<<<<<<<<<<<<<<<<<<<<<<<<<<<<<<<<<<<<<<<<<<<<<<<
OPERATING SYSTEM 	  COMPILER 
>>>>>>>>>>>>>>>>>>>>>>>>>>>>>>>>>>>>>>>>>>>>>>>>>>>>>>>>>>>>>>
Linux 			  intel/2019a
Microsoft Windows 	  toolset = Visual Studio 2019 (v142)
==============================================================

// New updates goes to the top, copy the next section from + 
// to ++ and then edit rows as you wish
//
+
2020-07-16  Borgohain, Preetirekha SOMLOG-SOMLOGr  <P.Borgohain@shell.com>

	new: dev: usr: pkg: Welcome Cauldron V2 !version.
	 * Adding Change.log, CreateChangeLog.sh, last-cl-gen, perlSrForChangelog, VERSION files
	============= End of Commit =============
	Commit-ID:<969598c77d0fbfc9b4f24542a92c81538657240b>	  (HEAD -> master, tag: v2.1.0)
	
++

===========================================================